Performing C SOURCE FILE Test CMAKE_HAVE_LIBC_PTHREAD failed with the following output:
Change Dir: /home/tianchang/Desktop/proj/oran-sc/ric-plt-e2/RIC-E2-TERMINATION/build/CMakeFiles/CMakeScratch/TryCompile-x1ABrb

Run Build Command(s):/usr/bin/make -f Makefile cmTC_8757e/fast && /usr/bin/make  -f CMakeFiles/cmTC_8757e.dir/build.make CMakeFiles/cmTC_8757e.dir/build
make[1]: Entering directory '/home/tianchang/Desktop/proj/oran-sc/ric-plt-e2/RIC-E2-TERMINATION/build/CMakeFiles/CMakeScratch/TryCompile-x1ABrb'
Building C object CMakeFiles/cmTC_8757e.dir/src.c.o
/usr/bin/cc -DCMAKE_HAVE_LIBC_PTHREAD  -DASN_DISABLE_OER_SUPPORT -DASN_PDU_COLLECTION -L. -O3 -L/usr/lib -L/usr/local/lib -Wall -W -Wpedantic  -o CMakeFiles/cmTC_8757e.dir/src.c.o -c /home/tianchang/Desktop/proj/oran-sc/ric-plt-e2/RIC-E2-TERMINATION/build/CMakeFiles/CMakeScratch/TryCompile-x1ABrb/src.c
Linking C executable cmTC_8757e
/usr/bin/cmake -E cmake_link_script CMakeFiles/cmTC_8757e.dir/link.txt --verbose=1
/usr/bin/cc  -DASN_DISABLE_OER_SUPPORT -DASN_PDU_COLLECTION -L. -O3 -L/usr/lib -L/usr/local/lib -Wall -W -Wpedantic  CMakeFiles/cmTC_8757e.dir/src.c.o -o cmTC_8757e 
CMakeFiles/cmTC_8757e.dir/src.c.o: In function `main':
src.c:(.text.startup+0x23): undefined reference to `pthread_create'
src.c:(.text.startup+0x2c): undefined reference to `pthread_detach'
src.c:(.text.startup+0x35): undefined reference to `pthread_cancel'
src.c:(.text.startup+0x40): undefined reference to `pthread_join'
src.c:(.text.startup+0x4b): undefined reference to `pthread_atfork'
collect2: error: ld returned 1 exit status
CMakeFiles/cmTC_8757e.dir/build.make:98: recipe for target 'cmTC_8757e' failed
make[1]: *** [cmTC_8757e] Error 1
make[1]: Leaving directory '/home/tianchang/Desktop/proj/oran-sc/ric-plt-e2/RIC-E2-TERMINATION/build/CMakeFiles/CMakeScratch/TryCompile-x1ABrb'
Makefile:127: recipe for target 'cmTC_8757e/fast' failed
make: *** [cmTC_8757e/fast] Error 2


Source file was:
#include <pthread.h>

static void* test_func(void* data)
{
  return data;
}

int main(void)
{
  pthread_t thread;
  pthread_create(&thread, NULL, test_func, NULL);
  pthread_detach(thread);
  pthread_cancel(thread);
  pthread_join(thread, NULL);
  pthread_atfork(NULL, NULL, NULL);
  pthread_exit(NULL);

  return 0;
}


Determining if the function pthread_create exists in the pthreads failed with the following output:
Change Dir: /home/tianchang/Desktop/proj/oran-sc/ric-plt-e2/RIC-E2-TERMINATION/build/CMakeFiles/CMakeScratch/TryCompile-fxBLXe

Run Build Command(s):/usr/bin/make -f Makefile cmTC_75556/fast && /usr/bin/make  -f CMakeFiles/cmTC_75556.dir/build.make CMakeFiles/cmTC_75556.dir/build
make[1]: Entering directory '/home/tianchang/Desktop/proj/oran-sc/ric-plt-e2/RIC-E2-TERMINATION/build/CMakeFiles/CMakeScratch/TryCompile-fxBLXe'
Building C object CMakeFiles/cmTC_75556.dir/CheckFunctionExists.c.o
/usr/bin/cc   -DASN_DISABLE_OER_SUPPORT -DASN_PDU_COLLECTION -L. -O3 -L/usr/lib -L/usr/local/lib -Wall -W -Wpedantic -DCHECK_FUNCTION_EXISTS=pthread_create -o CMakeFiles/cmTC_75556.dir/CheckFunctionExists.c.o -c /home/tianchang/Desktop/proj/oran-sc/ric-plt-e2/RIC-E2-TERMINATION/build/CMakeFiles/CMakeScratch/TryCompile-fxBLXe/CheckFunctionExists.c
Linking C executable cmTC_75556
/usr/bin/cmake -E cmake_link_script CMakeFiles/cmTC_75556.dir/link.txt --verbose=1
/usr/bin/cc  -DASN_DISABLE_OER_SUPPORT -DASN_PDU_COLLECTION -L. -O3 -L/usr/lib -L/usr/local/lib -Wall -W -Wpedantic -DCHECK_FUNCTION_EXISTS=pthread_create CMakeFiles/cmTC_75556.dir/CheckFunctionExists.c.o -o cmTC_75556  -lpthreads 
/usr/bin/ld: cannot find -lpthreads
collect2: error: ld returned 1 exit status
CMakeFiles/cmTC_75556.dir/build.make:98: recipe for target 'cmTC_75556' failed
make[1]: *** [cmTC_75556] Error 1
make[1]: Leaving directory '/home/tianchang/Desktop/proj/oran-sc/ric-plt-e2/RIC-E2-TERMINATION/build/CMakeFiles/CMakeScratch/TryCompile-fxBLXe'
Makefile:127: recipe for target 'cmTC_75556/fast' failed
make: *** [cmTC_75556/fast] Error 2



